<?xml version="1.0" encoding="UTF-8"?>
<testsuite name="TestSuite" time="3.456" tests="13" errors="0" skipped="0" failures="0">
  <properties>
[...]
</properties>
  <testcase name="QueryDslBuilder" classname="org.b3log.symphony.util.ElasticsearchTestCase" time="1.127"/>
  <testcase name="QueryDslJSONBuilder" classname="org.b3log.symphony.util.ElasticsearchTestCase" time="0.012"/>
  <testcase name="clean" classname="org.b3log.symphony.util.MarkdownsTestCase" time="1.947"/>
  <testcase name="jsoupParse" classname="org.b3log.symphony.util.MarkdownsTestCase" time="0.349"/>
  <testcase name="linkToHTML" classname="org.b3log.symphony.util.MarkdownsTestCase" time="0"/>
  <testcase name="space" classname="org.b3log.symphony.util.MarkdownsTestCase" time="0"/>
  <testcase name="tag" classname="org.b3log.symphony.util.MarkdownsTestCase" time="0"/>
  <testcase name="toHTML" classname="org.b3log.symphony.util.MarkdownsTestCase" time="0"/>
  <testcase name="toHTML1" classname="org.b3log.symphony.util.MarkdownsTestCase" time="0"/>
  <testcase name="toHtml0" classname="org.b3log.symphony.util.MarkdownsTestCase" time="0"/>
  <testcase name="test" classname="org.b3log.symphony.util.PanguTestCase" time="0"/>
  <testcase name="redditScore" classname="org.b3log.symphony.util.RedditScoreTest" time="0.005"/>
  <testcase name="xss" classname="org.b3log.symphony.util.XSSTestCase" time="0.016"/>
</testsuite>